# JRE version: OpenJDK Runtime Environment Corretto-11.0.20.9.1 (11.0.20.1+9) (build 11.0.20.1+9-LTS)
# Java VM: OpenJDK 64-Bit Server VM Corretto-11.0.20.9.1 (11.0.20.1+9-LTS, mixed mode, tiered, compressed oops, g1 gc, windows-amd64)
Heap:
 garbage-first heap   total 65536K, used 21343K [0x00000000c1400000, 0x0000000100000000)
  region size 1024K, 11 young (11264K), 4 survivors (4096K)
 Metaspace       used 34733K, capacity 35640K, committed 35888K, reserved 1081344K
  class space    used 3780K, capacity 4103K, committed 4224K, reserved 1048576K
GC Heap History (16 events):
Event: 33.254 GC heap before
{Heap before GC invocations=0 (full 0):
 garbage-first heap   total 65536K, used 13312K [0x00000000c1400000, 0x0000000100000000)
  region size 1024K, 14 young (14336K), 0 survivors (0K)
 Metaspace       used 12037K, capacity 12342K, committed 12544K, reserved 1060864K
  class space    used 1097K, capacity 1179K, committed 1280K, reserved 1048576K
}
Event: 33.263 GC heap after
{Heap after GC invocations=1 (full 0):
 garbage-first heap   total 65536K, used 3853K [0x00000000c1400000, 0x0000000100000000)
  region size 1024K, 2 young (2048K), 2 survivors (2048K)
 Metaspace       used 12037K, capacity 12342K, committed 12544K, reserved 1060864K
  class space    used 1097K, capacity 1179K, committed 1280K, reserved 1048576K
}
Event: 35.820 GC heap before
{Heap before GC invocations=1 (full 0):
 garbage-first heap   total 65536K, used 9997K [0x00000000c1400000, 0x0000000100000000)
  region size 1024K, 8 young (8192K), 2 survivors (2048K)
 Metaspace       used 13768K, capacity 14080K, committed 14336K, reserved 1062912K
  class space    used 1334K, capacity 1419K, committed 1536K, reserved 1048576K
}
Event: 35.826 GC heap after
{Heap after GC invocations=2 (full 0):
 garbage-first heap   total 65536K, used 4156K [0x00000000c1400000, 0x0000000100000000)
  region size 1024K, 1 young (1024K), 1 survivors (1024K)
 Metaspace       used 13768K, capacity 14080K, committed 14336K, reserved 1062912K
  class space    used 1334K, capacity 1419K, committed 1536K, reserved 1048576K
}
Event: 37.735 GC heap before
{Heap before GC invocations=2 (full 0):
 garbage-first heap   total 65536K, used 27708K [0x00000000c1400000, 0x0000000100000000)
  region size 1024K, 24 young (24576K), 1 survivors (1024K)
 Metaspace       used 15985K, capacity 16359K, committed 16640K, reserved 1064960K
  class space    used 1611K, capacity 1724K, committed 1792K, reserved 1048576K
}
Event: 37.739 GC heap after
{Heap after GC invocations=3 (full 0):
 garbage-first heap   total 65536K, used 5027K [0x00000000c1400000, 0x0000000100000000)
  region size 1024K, 2 young (2048K), 2 survivors (2048K)
 Metaspace       used 15985K, capacity 16359K, committed 16640K, reserved 1064960K
  class space    used 1611K, capacity 1724K, committed 1792K, reserved 1048576K
}
Event: 40.973 GC heap before
{Heap before GC invocations=3 (full 0):
 garbage-first heap   total 65536K, used 35747K [0x00000000c1400000, 0x0000000100000000)
  region size 1024K, 32 young (32768K), 2 survivors (2048K)
 Metaspace       used 20485K, capacity 20893K, committed 21120K, reserved 1069056K
  class space    used 2184K, capacity 2338K, committed 2432K, reserved 1048576K
}
Event: 40.982 GC heap after
{Heap after GC invocations=4 (full 0):
 garbage-first heap   total 65536K, used 6852K [0x00000000c1400000, 0x0000000100000000)
  region size 1024K, 3 young (3072K), 3 survivors (3072K)
 Metaspace       used 20485K, capacity 20893K, committed 21120K, reserved 1069056K
  class space    used 2184K, capacity 2338K, committed 2432K, reserved 1048576K
}
Event: 41.063 GC heap before
{Heap before GC invocations=4 (full 0):
 garbage-first heap   total 65536K, used 7876K [0x00000000c1400000, 0x0000000100000000)
  region size 1024K, 5 young (5120K), 3 survivors (3072K)
 Metaspace       used 20781K, capacity 21185K, committed 21296K, reserved 1069056K
  class space    used 2225K, capacity 2370K, committed 2432K, reserved 1048576K
}
Event: 41.072 GC heap after
{Heap after GC invocations=5 (full 0):
 garbage-first heap   total 65536K, used 7021K [0x00000000c1400000, 0x0000000100000000)
  region size 1024K, 3 young (3072K), 3 survivors (3072K)
 Metaspace       used 20781K, capacity 21185K, committed 21296K, reserved 1069056K
  class space    used 2225K, capacity 2370K, committed 2432K, reserved 1048576K
}
Event: 52.566 GC heap before
{Heap before GC invocations=6 (full 0):
 garbage-first heap   total 65536K, used 32621K [0x00000000c1400000, 0x0000000100000000)
  region size 1024K, 28 young (28672K), 3 survivors (3072K)
 Metaspace       used 24234K, capacity 24709K, committed 25008K, reserved 1071104K
  class space    used 2594K, capacity 2734K, committed 2816K, reserved 1048576K
}
Event: 52.576 GC heap after
{Heap after GC invocations=7 (full 0):
 garbage-first heap   total 65536K, used 8899K [0x00000000c1400000, 0x0000000100000000)
  region size 1024K, 4 young (4096K), 4 survivors (4096K)
 Metaspace       used 24234K, capacity 24709K, committed 25008K, reserved 1071104K
  class space    used 2594K, capacity 2734K, committed 2816K, reserved 1048576K
}
Event: 71.157 GC heap before
{Heap before GC invocations=7 (full 0):
 garbage-first heap   total 65536K, used 36547K [0x00000000c1400000, 0x0000000100000000)
  region size 1024K, 31 young (31744K), 4 survivors (4096K)
 Metaspace       used 25736K, capacity 26455K, committed 26800K, reserved 1073152K
  class space    used 2745K, capacity 2955K, committed 3072K, reserved 1048576K
}
Event: 71.174 GC heap after
{Heap after GC invocations=8 (full 0):
 garbage-first heap   total 65536K, used 10789K [0x00000000c1400000, 0x0000000100000000)
  region size 1024K, 2 young (2048K), 2 survivors (2048K)
 Metaspace       used 25736K, capacity 26455K, committed 26800K, reserved 1073152K
  class space    used 2745K, capacity 2955K, committed 3072K, reserved 1048576K
}
Event: 77.354 GC heap before
{Heap before GC invocations=8 (full 0):
 garbage-first heap   total 65536K, used 39461K [0x00000000c1400000, 0x0000000100000000)
  region size 1024K, 30 young (30720K), 2 survivors (2048K)
 Metaspace       used 34636K, capacity 35565K, committed 35888K, reserved 1081344K
  class space    used 3778K, capacity 4100K, committed 4224K, reserved 1048576K
}
Event: 77.374 GC heap after
{Heap after GC invocations=9 (full 0):
 garbage-first heap   total 65536K, used 15199K [0x00000000c1400000, 0x0000000100000000)
  region size 1024K, 4 young (4096K), 4 survivors (4096K)
 Metaspace       used 34636K, capacity 35565K, committed 35888K, reserved 1081344K
  class space    used 3778K, capacity 4100K, committed 4224K, reserved 1048576K
}

